[2026-06-12 13:56:27] === 평일 블로그 일과 시작 ===
[2026-06-12 13:56:39] === 평일 블로그 일과 시작 ===
[2026-06-12 14:06:14] === 평일 블로그 일과 시작 ===
[2026-06-12 14:06:14] 🤝 [hymini1] 서로이웃·답글·티스토리 구독 작업
[2026-06-12 14:06:38]    🔑 네이버 로그인: hymini1
[2026-06-12 14:06:46]    ⚠️ 로그인 페이지에 머물러 있습니다. 2단계 인증이 필요할 수 있습니다.
[2026-06-12 14:08:46]    ❌ [hymini1] 로그인 실패 — 교차 이웃·답글 중단
[2026-06-12 14:08:46]    ⏳ 다음 계정까지 30초 대기…
[2026-06-12 14:09:16] 🤝 [hymini11] 서로이웃·답글·티스토리 구독 작업
[2026-06-12 14:09:20]    🔑 네이버 로그인: hymini11
[2026-06-12 14:09:31]    🤝 [hymini11] 서로이웃 신청 (1곳)
[2026-06-12 14:09:39]    ⚠️ [hymini1] 서로이웃 신청을 완료하지 못했습니다. 수동 확인이 필요할 수 있습니다.
[2026-06-12 14:09:44]    💬 [hymini11] 이웃 최신 글 답글 (1곳)
[2026-06-12 14:10:04]    ⚠️ [hymini1] 댓글 입력창이 없습니다.
[2026-06-12 14:10:19]    ✓ 티스토리 구독 완료: https://hymini1.tistory.com
[2026-06-12 14:10:20]    ⏳ 다음 계정까지 30초 대기…
[2026-06-12 14:10:50] === 평일 블로그 일과 종료 ===
[2026-06-12 14:11:10] === 평일 블로그 일과 시작 ===
[2026-06-12 14:11:10] 📝 퍼마코트 글 2라운드 발행 시작 (hymini1 / hymini11 / 티스토리)
[2026-06-12 14:11:11] 📝 글쓰기·발행: [1/2] 퍼마코트 자동차
[2026-06-12 14:11:11]    ⚠️ [1/2] 퍼마코트 자동차 — 종료 코드 1
[2026-06-12 14:11:11]    ⏳ 다음 라운드까지 30초 대기…
[2026-06-12 14:11:41] 📝 글쓰기·발행: [2/2] 퍼마코트 바이크
[2026-06-12 14:11:41]    ⚠️ [2/2] 퍼마코트 바이크 — 종료 코드 1
[2026-06-12 14:11:41] ⚠️ 일부 라운드 발행 실패
[2026-06-12 14:11:41]    ⏳ 서로이웃·답글 전 30초 대기…
[2026-06-12 14:12:11] === 평일 블로그 일과 종료 ===
[2026-06-12 14:12:38] === 평일 블로그 일과 시작 ===
[2026-06-12 14:12:38] 📝 퍼마코트 글 2라운드 발행 시작 (hymini1 / hymini11 / 티스토리)
[2026-06-12 14:12:38] 📝 글쓰기·발행: [1/2] 퍼마코트 자동차
[2026-06-12 14:19:55] === 평일 블로그 일과 시작 ===
[2026-06-12 14:19:55] 📝 퍼마코트 글 2라운드 발행 시작 (hymini1 / hymini11 / 티스토리)
[2026-06-12 14:19:55] 📝 글쓰기·발행: [1/2] 퍼마코트 자동차
[2026-06-12 14:39:38]    ✅ [1/2] 퍼마코트 자동차 — 종료 코드 0
[2026-06-12 14:39:38]    ⏳ 다음 라운드까지 30초 대기…
[2026-06-12 14:40:08] 📝 글쓰기·발행: [2/2] 퍼마코트 바이크
[2026-06-12 14:46:53]    ✅ [1/2] 퍼마코트 자동차 — 종료 코드 0
[2026-06-12 14:46:53]    ⏳ 다음 라운드까지 30초 대기…
[2026-06-12 14:47:23] 📝 글쓰기·발행: [2/2] 퍼마코트 바이크
[2026-06-12 15:06:27]    ✅ [2/2] 퍼마코트 바이크 — 종료 코드 0
[2026-06-12 15:06:27] ✅ 전체 라운드 발행 완료
[2026-06-12 15:06:27]    ⏳ 서로이웃·답글 전 30초 대기…
[2026-06-12 15:06:57] === 평일 블로그 일과 종료 ===
[2026-06-12 15:14:20]    ✅ [2/2] 퍼마코트 바이크 — 종료 코드 0
[2026-06-12 15:14:20] ✅ 전체 라운드 발행 완료
[2026-06-12 15:14:20]    ⏳ 서로이웃·답글 전 30초 대기…
[2026-06-12 15:14:50] === 평일 블로그 일과 종료 ===
[2026-06-12 15:15:27] === 평일 블로그 일과 시작 ===
[2026-06-12 15:15:27] 🤝 [hymini1] 서로이웃·답글·티스토리 구독 작업
[2026-06-12 15:15:29]    🔑 네이버 로그인: hymini1
[2026-06-12 15:15:37]    ⚠️ 로그인 페이지에 머물러 있습니다. 열린 브라우저에서 2단계 인증·캡차를 완료해 주세요 (최대 3분).
[2026-06-12 15:16:17]    ✓ 로그인 완료
[2026-06-12 15:16:17]    🤝 [hymini1] 서로이웃 신청 (1곳)
[2026-06-12 15:16:25]    ⚠️ [hymini11] 서로이웃 신청을 완료하지 못했습니다. 수동 확인이 필요할 수 있습니다.
[2026-06-12 15:16:30]    💬 [hymini1] 이웃 최신 글 답글 (1곳)
[2026-06-12 15:16:47]    ⚠️ [hymini11] 댓글 입력창이 없습니다.
[2026-06-12 15:16:48]    ⏳ 다음 계정까지 30초 대기…
[2026-06-12 15:17:18] 🤝 [hymini11] 서로이웃·답글·티스토리 구독 작업
[2026-06-12 15:17:20]    🔑 네이버 로그인: hymini11
[2026-06-12 15:17:27]    🤝 [hymini11] 서로이웃 신청 (1곳)
[2026-06-12 15:17:34]    ⚠️ [hymini1] 서로이웃 신청을 완료하지 못했습니다. 수동 확인이 필요할 수 있습니다.
[2026-06-12 15:17:40]    💬 [hymini11] 이웃 최신 글 답글 (1곳)
[2026-06-12 15:17:57]    ⚠️ [hymini1] 댓글 입력창이 없습니다.
[2026-06-12 15:18:05]    ✓ 티스토리 구독 완료: https://hymini1.tistory.com
[2026-06-12 15:18:05]    ⏳ 다음 계정까지 30초 대기…
[2026-06-12 15:18:35] === 평일 블로그 일과 종료 ===
[2026-06-12 16:47:54] 오늘 평일 일과가 이미 완료되었습니다. --force 로 다시 실행하세요.
